<?xml version="1.0" encoding="UTF-8"?>
<!-- Generated by org.testng.reporters.JUnitReportReporter -->
<testsuite skipped="0" hostname="VWGOW1134" name="com.cognizant.application.TestClass" tests="2" failures="0" timestamp="07 Sep 2018 10:03:14 GMT" time="0.820" errors="0">
  <testcase name="m3" time="0.770" classname="com.cognizant.application.TestClass"/>
  <testcase name="m4" time="0.050" classname="com.cognizant.application.TestClass"/>
</testsuite> <!-- com.cognizant.application.TestClass -->
