<?xml version="1.0" encoding="UTF-8"?>
<!-- Generated by org.testng.reporters.JUnitReportReporter -->
<testsuite skipped="0" hostname="VWGOW1134" name="com.cognizant.application.TestClass" tests="1" failures="0" timestamp="07 Sep 2018 09:43:33 GMT" time="0.312" errors="0">
  <testcase name="m3" time="0.312" classname="com.cognizant.application.TestClass"/>
</testsuite> <!-- com.cognizant.application.TestClass -->
